<?xml version="1.0" encoding="UTF-8"?>
<!-- Generated by org.testng.reporters.JUnitReportReporter -->
<testsuite hostname="DESKTOP-709RAG9" failures="0" tests="1" name="testCases.TC_001_AccountRegistrationTest" time="2.467" errors="0" timestamp="2024-11-27T08:46:55 IST" skipped="0">
  <testcase classname="testCases.TC_001_AccountRegistrationTest" name="verify_account_registration" time="2.467"/>
  <system-out/>
</testsuite> <!-- testCases.TC_001_AccountRegistrationTest -->
