<?xml version="1.0" encoding="UTF-8"?>
<!-- Generated by org.testng.reporters.JUnitReportReporter -->
<testsuite hostname="DESKTOP-709RAG9" failures="0" tests="5" name="testCases.LoginDataDrivenTest" time="25.941" errors="0" timestamp="2024-11-22T22:35:43 IST" skipped="0">
  <testcase classname="testCases.LoginDataDrivenTest" name="verifyLoginDTT" time="2.485"/>
  <system-out/>
  <testcase classname="testCases.LoginDataDrivenTest" name="verifyLoginDTT" time="2.039"/>
  <system-out/>
  <testcase classname="testCases.LoginDataDrivenTest" name="verifyLoginDTT" time="2.058"/>
  <system-out/>
  <testcase classname="testCases.LoginDataDrivenTest" name="verifyLoginDTT" time="16.258"/>
  <system-out/>
  <testcase classname="testCases.LoginDataDrivenTest" name="verifyLoginDTT" time="3.101"/>
  <system-out/>
</testsuite> <!-- testCases.LoginDataDrivenTest -->
