<?xml version="1.0" encoding="UTF-8"?>
<!-- Generated by org.testng.reporters.JUnitReportReporter -->
<testsuite hostname="DESKTOP-709RAG9" failures="0" tests="1" name="testCases.TC_003_search" time="1.327" errors="0" timestamp="2024-12-15T01:34:17 IST" skipped="0">
  <testcase classname="testCases.TC_003_search" name="search" time="1.327"/>
  <system-out/>
</testsuite> <!-- testCases.TC_003_search -->
