<?xml version="1.0" encoding="UTF-8"?>
<!-- Generated by org.testng.reporters.JUnitReportReporter -->
<testsuite hostname="DESKTOP-709RAG9" failures="0" tests="1" name="testCases.TC_002_LoginTest" time="3.227" errors="0" timestamp="2024-12-15T00:01:32 IST" skipped="0">
  <testcase classname="testCases.TC_002_LoginTest" name="loginAccount" time="3.227"/>
  <system-out/>
</testsuite> <!-- testCases.TC_002_LoginTest -->
