<?xml version="1.0" encoding="UTF-8"?>
<!-- Generated by org.testng.reporters.JUnitReportReporter -->
<testsuite hostname="DESKTOP-709RAG9" failures="0" tests="1" name="testCases.TC_002_LoginTest" time="2.183" errors="0" timestamp="2024-12-03T15:25:59 IST" skipped="0">
  <testcase classname="testCases.TC_002_LoginTest" name="loginAccount" time="2.183"/>
</testsuite> <!-- testCases.TC_002_LoginTest -->
